<?xml version="1.0" encoding="UTF-8"?>
<!-- Generated by org.testng.reporters.JUnitReportReporter -->
<testsuite skipped="0" hostname="DESKTOP-LUI32N8" name="FirstProgUsingRest" tests="1" failures="0" timestamp="01 May 2020 17:44:20 GMT" time="4.959" errors="0">
  <testcase name="httpPostMethod" time="4.959" classname="FirstProgUsingRest"/>
</testsuite> <!-- FirstProgUsingRest -->
