<?xml version="1.0" encoding="UTF-8"?>
<!-- Generated by org.testng.reporters.JUnitReportReporter -->
<testsuite skipped="0" hostname="DESKTOP-LUI32N8" name="Assignment" tests="1" failures="0" timestamp="01 May 2020 17:45:49 GMT" time="6.288" errors="0">
  <testcase name="assignmentDemo" time="6.288" classname="Assignment"/>
</testsuite> <!-- Assignment -->
